00:00:05.422 [INFO] [../input.c:1143] [XWL-SEAT] pointerfocus ENTER prev=(nil) new=0x55e567f34e10 client=0x7f1c3d081a90 (com.mitchellh.ghostty) client_type=0 sx=99.0 sy=66.0
00:00:07.224 [INFO] [../input.c:1094] [XWL-SEAT] pointerfocus CLEAR (no surface) prev_focus=0x55e567f34e10 client=(nil) (?)
00:00:07.257 [INFO] [../input.c:1143] [XWL-SEAT] pointerfocus ENTER prev=(nil) new=0x55e567f34e10 client=0x7f1c3d081a90 (com.mitchellh.ghostty) client_type=0 sx=1539.1 sy=1327.9
00:00:25.321 [INFO] [../input.c:1143] [XWL-SEAT] pointerfocus ENTER prev=0x55e567f34e10 new=0x55e57f75e310 client=0x7f1be7780e18 (org.kde.dolphin) client_type=0 sx=3.2 sy=940.3
00:00:26.474 [INFO] [../input.c:1094] [XWL-SEAT] pointerfocus CLEAR (no surface) prev_focus=0x55e57f75e310 client=(nil) (?)
00:00:26.507 [INFO] [../input.c:1143] [XWL-SEAT] pointerfocus ENTER prev=(nil) new=0x55e567f34e10 client=0x7f1c3d081a90 (com.mitchellh.ghostty) client_type=0 sx=1533.2 sy=684.6
00:01:25.722 [INFO] [../input.c:1094] [XWL-SEAT] pointerfocus CLEAR (no surface) prev_focus=0x55e567f34e10 client=(nil) (?)
00:01:25.723 [INFO] [../input.c:1143] [XWL-SEAT] pointerfocus ENTER prev=(nil) new=0x7f1c4c0016f0 client=0x7f1c3d169438 (Alacritty) client_type=0 sx=436.6 sy=599.0
00:01:26.298 [INFO] [../input.c:1143] [XWL-SEAT] pointerfocus ENTER prev=0x7f1c4c0016f0 new=0x55e567f34e10 client=0x7f1c3d081a90 (com.mitchellh.ghostty) client_type=0 sx=1289.0 sy=792.2
00:01:26.354 [INFO] [../input.c:1094] [XWL-SEAT] pointerfocus CLEAR (no surface) prev_focus=0x55e567f34e10 client=(nil) (?)
00:01:26.356 [INFO] [../input.c:1143] [XWL-SEAT] pointerfocus ENTER prev=(nil) new=0x7f1c4c0016f0 client=0x7f1c3d169438 (Alacritty) client_type=0 sx=1584.9 sy=1203.1
00:01:28.267 [INFO] [../input.c:1094] [XWL-SEAT] pointerfocus CLEAR (no surface) prev_focus=0x7f1c4c0016f0 client=(nil) (?)
00:01:28.432 [INFO] [../input.c:1143] [XWL-SEAT] pointerfocus ENTER prev=(nil) new=0x55e567f34e10 client=0x7f1c3d081a90 (com.mitchellh.ghostty) client_type=0 sx=1.0 sy=1316.1
00:01:28.434 [INFO] [../input.c:1094] [XWL-SEAT] pointerfocus CLEAR (no surface) prev_focus=0x55e567f34e10 client=(nil) (?)
00:01:28.995 [INFO] [../input.c:1143] [XWL-SEAT] pointerfocus ENTER prev=(nil) new=0x55e567f34e10 client=0x7f1c3d081a90 (com.mitchellh.ghostty) client_type=0 sx=503.6 sy=1329.7
00:01:36.898 [INFO] [../input.c:1094] [XWL-SEAT] pointerfocus CLEAR (no surface) prev_focus=0x55e567f34e10 client=(nil) (?)
00:01:36.983 [INFO] [../input.c:1143] [XWL-SEAT] pointerfocus ENTER prev=(nil) new=0x7f1c4c0016f0 client=0x7f1c3d169438 (Alacritty) client_type=0 sx=1584.8 sy=239.8
00:01:37.106 [INFO] [../input.c:1094] [XWL-SEAT] pointerfocus CLEAR (no surface) prev_focus=0x7f1c4c0016f0 client=(nil) (?)
00:01:37.474 [INFO] [../input.c:1143] [XWL-SEAT] pointerfocus ENTER prev=(nil) new=0x7f1c4c0016f0 client=0x7f1c3d169438 (Alacritty) client_type=0 sx=1230.0 sy=3.9
00:01:37.556 [INFO] [../input.c:1094] [XWL-SEAT] pointerfocus CLEAR (no surface) prev_focus=0x7f1c4c0016f0 client=(nil) (?)
00:01:38.003 [INFO] [../input.c:1143] [XWL-SEAT] pointerfocus ENTER prev=(nil) new=0x7f1c4c0016f0 client=0x7f1c3d169438 (Alacritty) client_type=0 sx=1584.7 sy=525.8
00:01:38.405 [INFO] [../input.c:1094] [XWL-SEAT] pointerfocus CLEAR (no surface) prev_focus=0x7f1c4c0016f0 client=(nil) (?)
00:01:38.512 [INFO] [../input.c:1143] [XWL-SEAT] pointerfocus ENTER prev=(nil) new=0x55e567f34e10 client=0x7f1c3d081a90 (com.mitchellh.ghostty) client_type=0 sx=6.7 sy=646.3
00:05:23.604 [INFO] [../input.c:1143] [XWL-SEAT] pointerfocus ENTER prev=0x55e567f34e10 new=0x55e57f039d60 client=0x7f1c3c95b8a0 (firefox-developer-edition) client_type=0 sx=1102.9 sy=1435.2
00:07:20.697 [INFO] [../input.c:1143] [XWL-SEAT] pointerfocus ENTER prev=(nil) new=0x55e57f039d60 client=0x7f1c3c95b8a0 (firefox-developer-edition) client_type=0 sx=841.7 sy=1317.7
00:07:20.701 [INFO] [../input.c:1143] [XWL-SEAT] pointerfocus ENTER prev=(nil) new=0x55e57f039d60 client=0x7f1c3c95b8a0 (firefox-developer-edition) client_type=0 sx=841.7 sy=1316.7
00:07:20.704 [INFO] [../input.c:1143] [XWL-SEAT] pointerfocus ENTER prev=(nil) new=0x55e57f039d60 client=0x7f1c3c95b8a0 (firefox-developer-edition) client_type=0 sx=842.7 sy=1315.7
00:07:20.708 [INFO] [../input.c:1143] [XWL-SEAT] pointerfocus ENTER prev=(nil) new=0x55e57f039d60 client=0x7f1c3c95b8a0 (firefox-developer-edition) client_type=0 sx=842.7 sy=1314.7
00:07:20.710 [INFO] [../input.c:1143] [XWL-SEAT] pointerfocus ENTER prev=(nil) new=0x55e57f039d60 client=0x7f1c3c95b8a0 (firefox-developer-edition) client_type=0 sx=842.7 sy=1313.7
00:07:20.714 [INFO] [../input.c:1143] [XWL-SEAT] pointerfocus ENTER prev=(nil) new=0x55e57f039d60 client=0x7f1c3c95b8a0 (firefox-developer-edition) client_type=0 sx=842.7 sy=1312.7
00:07:20.715 [INFO] [../input.c:1143] [XWL-SEAT] pointerfocus ENTER prev=(nil) new=0x55e57f039d60 client=0x7f1c3c95b8a0 (firefox-developer-edition) client_type=0 sx=842.7 sy=1311.7
00:07:20.718 [INFO] [../input.c:1143] [XWL-SEAT] pointerfocus ENTER prev=(nil) new=0x55e57f039d60 client=0x7f1c3c95b8a0 (firefox-developer-edition) client_type=0 sx=843.7 sy=1311.7
00:07:20.721 [INFO] [../input.c:1143] [XWL-SEAT] pointerfocus ENTER prev=(nil) new=0x55e57f039d60 client=0x7f1c3c95b8a0 (firefox-developer-edition) client_type=0 sx=843.7 sy=1310.5
00:07:20.724 [INFO] [../input.c:1143] [XWL-SEAT] pointerfocus ENTER prev=(nil) new=0x55e57f039d60 client=0x7f1c3c95b8a0 (firefox-developer-edition) client_type=0 sx=843.7 sy=1309.5
00:07:20.728 [INFO] [../input.c:1143] [XWL-SEAT] pointerfocus ENTER prev=(nil) new=0x55e57f039d60 client=0x7f1c3c95b8a0 (firefox-developer-edition) client_type=0 sx=843.7 sy=1308.5
00:07:20.731 [INFO] [../input.c:1143] [XWL-SEAT] pointerfocus ENTER prev=(nil) new=0x55e57f039d60 client=0x7f1c3c95b8a0 (firefox-developer-edition) client_type=0 sx=843.7 sy=1307.5
00:07:20.736 [INFO] [../input.c:1143] [XWL-SEAT] pointerfocus ENTER prev=(nil) new=0x55e57f039d60 client=0x7f1c3c95b8a0 (firefox-developer-edition) client_type=0 sx=843.7 sy=1306.5
00:07:20.736 [INFO] [../input.c:1143] [XWL-SEAT] pointerfocus ENTER prev=(nil) new=0x55e57f039d60 client=0x7f1c3c95b8a0 (firefox-developer-edition) client_type=0 sx=843.7 sy=1305.5
00:07:20.740 [INFO] [../input.c:1143] [XWL-SEAT] pointerfocus ENTER prev=(nil) new=0x55e57f039d60 client=0x7f1c3c95b8a0 (firefox-developer-edition) client_type=0 sx=844.7 sy=1305.5
00:07:20.746 [INFO] [../input.c:1143] [XWL-SEAT] pointerfocus ENTER prev=(nil) new=0x55e57f039d60 client=0x7f1c3c95b8a0 (firefox-developer-edition) client_type=0 sx=844.7 sy=1304.5
00:07:20.757 [INFO] [../input.c:1143] [XWL-SEAT] pointerfocus ENTER prev=(nil) new=0x55e57f039d60 client=0x7f1c3c95b8a0 (firefox-developer-edition) client_type=0 sx=844.7 sy=1303.5
00:07:20.767 [INFO] [../input.c:1143] [XWL-SEAT] pointerfocus ENTER prev=(nil) new=0x55e57f039d60 client=0x7f1c3c95b8a0 (firefox-developer-edition) client_type=0 sx=844.7 sy=1302.5
00:09:20.775 [INFO] [../input.c:1094] [XWL-SEAT] pointerfocus CLEAR (no surface) prev_focus=0x55e57f039d60 client=(nil) (?)
00:09:20.997 [INFO] [../input.c:1143] [XWL-SEAT] pointerfocus ENTER prev=(nil) new=0x55e57f039d60 client=0x7f1c3c95b8a0 (firefox-developer-edition) client_type=0 sx=1591.2 sy=24.3
00:09:23.692 [INFO] [../input.c:1094] [XWL-SEAT] pointerfocus CLEAR (no surface) prev_focus=0x55e57f039d60 client=(nil) (?)
00:09:24.413 [INFO] [../input.c:1143] [XWL-SEAT] pointerfocus ENTER prev=(nil) new=0x55e57f039d60 client=0x7f1c3c95b8a0 (firefox-developer-edition) client_type=0 sx=574.4 sy=24.6
00:11:00.426 [INFO] [../input.c:1094] [XWL-SEAT] pointerfocus CLEAR (no surface) prev_focus=0x55e57f039d60 client=(nil) (?)
00:11:01.588 [INFO] [../input.c:1143] [XWL-SEAT] pointerfocus ENTER prev=(nil) new=0x55e57f039d60 client=0x7f1c3c95b8a0 (firefox-developer-edition) client_type=0 sx=627.7 sy=23.0
00:11:08.434 [INFO] [../input.c:1143] [XWL-SEAT] pointerfocus ENTER prev=0x55e57f039d60 new=0x55e567fd6680 client=0x7f1c3c95b8a0 (firefox-developer-edition) client_type=0 sx=10.2 sy=6.7
00:11:08.452 [INFO] [../input.c:1143] [XWL-SEAT] pointerfocus ENTER prev=0x55e567fd6680 new=0x55e57f039d60 client=0x7f1c3c95b8a0 (firefox-developer-edition) client_type=0 sx=562.5 sy=831.8
00:11:14.356 [INFO] [../input.c:1094] [XWL-SEAT] pointerfocus CLEAR (no surface) prev_focus=0x55e57f039d60 client=(nil) (?)
00:11:14.692 [INFO] [../input.c:1143] [XWL-SEAT] pointerfocus ENTER prev=(nil) new=0x55e57f039d60 client=0x7f1c3c95b8a0 (firefox-developer-edition) client_type=0 sx=2111.0 sy=190.5
00:11:29.381 [INFO] [../input.c:1094] [XWL-SEAT] pointerfocus CLEAR (no surface) prev_focus=0x55e57f039d60 client=(nil) (?)
00:11:29.574 [INFO] [../input.c:1143] [XWL-SEAT] pointerfocus ENTER prev=(nil) new=0x55e57f039d60 client=0x7f1c3c95b8a0 (firefox-developer-edition) client_type=0 sx=2109.6 sy=399.3
00:11:40.004 [INFO] [../input.c:1094] [XWL-SEAT] pointerfocus CLEAR (no surface) prev_focus=0x55e57f039d60 client=(nil) (?)
00:11:40.009 [INFO] [../input.c:1143] [XWL-SEAT] pointerfocus ENTER prev=(nil) new=0x55e567f34e10 client=0x7f1c3d081a90 (com.mitchellh.ghostty) client_type=0 sx=1394.9 sy=823.3
00:12:22.137 [INFO] [../banning.c:52] [DRAG-MON] banning_need_update: invisible (no focus) client=0x7f1c58f51ab8 name='Spotify Premium' isbanned=0 c->mon=(nil) c->screen=(nil)
00:12:22.159 [INFO] [../somewm_api.c:481] [XWL-SEAT] some_set_seat_keyboard_focus->wlr_xwayland_set_seat client=0x7f1c58f51ab8 (Spotify) c->mon=0x55e563d73b00 kb_focused_surface=0x55e567f34e10 pointer_focused_surface=0x55e567f34e10
00:12:22.161 [INFO] [../somewm_api.c:481] [XWL-SEAT] some_set_seat_keyboard_focus->wlr_xwayland_set_seat client=0x7f1c58f51ab8 (Spotify) c->mon=0x55e563d73b00 kb_focused_surface=(nil) pointer_focused_surface=0x55e567f34e10
00:12:22.875 [INFO] [../somewm_api.c:481] [XWL-SEAT] some_set_seat_keyboard_focus->wlr_xwayland_set_seat client=0x7f1c58f51ab8 (Spotify) c->mon=0x55e563d73b00 kb_focused_surface=(nil) pointer_focused_surface=0x55e567f34e10
00:12:22.876 [INFO] [../input.c:1143] [XWL-SEAT] pointerfocus ENTER prev=0x55e567f34e10 new=0x55e567caadf0 client=0x7f1c58f51ab8 (Spotify) client_type=2 sx=1505.4 sy=1173.9
00:12:23.637 [INFO] [../somewm_api.c:481] [XWL-SEAT] some_set_seat_keyboard_focus->wlr_xwayland_set_seat client=0x7f1c58f51ab8 (Spotify) c->mon=0x55e563d73b00 kb_focused_surface=(nil) pointer_focused_surface=0x55e567caadf0
00:12:42.898 [INFO] [../somewm_api.c:481] [XWL-SEAT] some_set_seat_keyboard_focus->wlr_xwayland_set_seat client=0x7f1c58f51ab8 (Spotify) c->mon=0x55e563d73b00 kb_focused_surface=(nil) pointer_focused_surface=0x55e567caadf0
00:12:42.898 [INFO] [../input.c:645] [XWL-SEAT] button DELIVER button=272 state=1 to pointer_focused_surface=0x55e567caadf0 client=0x7f1c58f51ab8 (Spotify) type=2 on selmon=0x55e563d73b00 cursor=(1543.0,480.3)
00:12:42.991 [INFO] [../input.c:645] [XWL-SEAT] button DELIVER button=272 state=0 to pointer_focused_surface=0x55e567caadf0 client=0x7f1c58f51ab8 (Spotify) type=2 on selmon=0x55e563d73b00 cursor=(1543.0,480.3)
00:12:49.958 [INFO] [../somewm_api.c:481] [XWL-SEAT] some_set_seat_keyboard_focus->wlr_xwayland_set_seat client=0x7f1c58f51ab8 (Spotify) c->mon=0x55e563d73b00 kb_focused_surface=(nil) pointer_focused_surface=0x55e567caadf0
00:12:50.702 [INFO] [../objects/screen.c:2221] [DRAG-MON] screen_client_moveto: ENTRY client=0x7f1c58f51ab8 name='Spotify Premium' old_screen=0x7f1cb401ced8 new_screen=0x7f1cb401c948 old_mon=0x55e563d73b00 had_focus=1 client_isvisible=1 doresize=1
00:12:50.702 [INFO] [../banning.c:52] [DRAG-MON] banning_need_update: invisible (no focus) client=0x7f1c3c899378 name='spotify' isbanned=0 c->mon=(nil) c->screen=(nil)
00:12:50.702 [INFO] [../banning.c:46] [DRAG-MON] banning_need_update: WILL UNFOCUS client=0x7f1c58f51ab8 name='Spotify Premium' focused=1 isbanned=0 c->mon=0x55e563df64e0 c->screen=0x7f1cb401c948
00:12:50.702 [INFO] [../objects/client.c:1956] [DRAG-MON] client_ban_unfocus: CLEARING FOCUS client=0x7f1c58f51ab8 name='Spotify Premium' c->mon=0x55e563df64e0 c->screen=0x7f1cb401c948 isbanned=0
00:12:50.705 [INFO] [../somewm_api.c:481] [XWL-SEAT] some_set_seat_keyboard_focus->wlr_xwayland_set_seat client=0x7f1c58f51ab8 (Spotify) c->mon=0x55e563df64e0 kb_focused_surface=(nil) pointer_focused_surface=0x55e567caadf0
00:12:50.733 [INFO] [../banning.c:52] [DRAG-MON] banning_need_update: invisible (no focus) client=0x7f1c3c899378 name='spotify' isbanned=0 c->mon=(nil) c->screen=(nil)
00:12:50.733 [INFO] [../banning.c:46] [DRAG-MON] banning_need_update: WILL UNFOCUS client=0x7f1c58f51ab8 name='Spotify Premium' focused=1 isbanned=0 c->mon=0x55e563df64e0 c->screen=0x7f1cb401c948
00:12:50.733 [INFO] [../objects/client.c:1956] [DRAG-MON] client_ban_unfocus: CLEARING FOCUS client=0x7f1c58f51ab8 name='Spotify Premium' c->mon=0x55e563df64e0 c->screen=0x7f1cb401c948 isbanned=0
00:12:50.737 [INFO] [../banning.c:52] [DRAG-MON] banning_need_update: invisible (no focus) client=0x7f1c3c899378 name='spotify' isbanned=0 c->mon=(nil) c->screen=(nil)
00:12:50.760 [INFO] [../somewm_api.c:481] [XWL-SEAT] some_set_seat_keyboard_focus->wlr_xwayland_set_seat client=0x7f1c58f51ab8 (Spotify) c->mon=0x55e563df64e0 kb_focused_surface=(nil) pointer_focused_surface=0x55e567caadf0
00:12:53.228 [INFO] [../somewm_api.c:481] [XWL-SEAT] some_set_seat_keyboard_focus->wlr_xwayland_set_seat client=0x7f1c58f51ab8 (Spotify) c->mon=0x55e563df64e0 kb_focused_surface=0x55e567f34e10 pointer_focused_surface=0x55e567caadf0
00:12:53.228 [INFO] [../input.c:645] [XWL-SEAT] button DELIVER button=272 state=1 to pointer_focused_surface=0x55e567caadf0 client=0x7f1c58f51ab8 (Spotify) type=2 on selmon=0x55e563df64e0 cursor=(-1307.9,1997.2)
00:12:53.321 [INFO] [../input.c:645] [XWL-SEAT] button DELIVER button=272 state=0 to pointer_focused_surface=0x55e567caadf0 client=0x7f1c58f51ab8 (Spotify) type=2 on selmon=0x55e563df64e0 cursor=(-1307.9,1997.2)
00:12:53.685 [INFO] [../somewm_api.c:481] [XWL-SEAT] some_set_seat_keyboard_focus->wlr_xwayland_set_seat client=0x7f1c58f51ab8 (Spotify) c->mon=0x55e563df64e0 kb_focused_surface=(nil) pointer_focused_surface=0x55e567caadf0
00:12:53.686 [INFO] [../input.c:645] [XWL-SEAT] button DELIVER button=272 state=1 to pointer_focused_surface=0x55e567caadf0 client=0x7f1c58f51ab8 (Spotify) type=2 on selmon=0x55e563df64e0 cursor=(-1316.0,1998.2)
00:12:53.805 [INFO] [../input.c:645] [XWL-SEAT] button DELIVER button=272 state=0 to pointer_focused_surface=0x55e567caadf0 client=0x7f1c58f51ab8 (Spotify) type=2 on selmon=0x55e563df64e0 cursor=(-1316.0,1998.2)
00:12:53.907 [INFO] [../somewm_api.c:481] [XWL-SEAT] some_set_seat_keyboard_focus->wlr_xwayland_set_seat client=0x7f1c58f51ab8 (Spotify) c->mon=0x55e563df64e0 kb_focused_surface=(nil) pointer_focused_surface=0x55e567caadf0
00:12:53.907 [INFO] [../input.c:645] [XWL-SEAT] button DELIVER button=272 state=1 to pointer_focused_surface=0x55e567caadf0 client=0x7f1c58f51ab8 (Spotify) type=2 on selmon=0x55e563df64e0 cursor=(-1316.0,1998.2)
00:12:54.037 [INFO] [../input.c:645] [XWL-SEAT] button DELIVER button=272 state=0 to pointer_focused_surface=0x55e567caadf0 client=0x7f1c58f51ab8 (Spotify) type=2 on selmon=0x55e563df64e0 cursor=(-1316.0,1998.2)
00:12:54.123 [INFO] [../somewm_api.c:481] [XWL-SEAT] some_set_seat_keyboard_focus->wlr_xwayland_set_seat client=0x7f1c58f51ab8 (Spotify) c->mon=0x55e563df64e0 kb_focused_surface=(nil) pointer_focused_surface=0x55e567caadf0
00:12:54.123 [INFO] [../input.c:645] [XWL-SEAT] button DELIVER button=272 state=1 to pointer_focused_surface=0x55e567caadf0 client=0x7f1c58f51ab8 (Spotify) type=2 on selmon=0x55e563df64e0 cursor=(-1316.0,1998.2)
00:12:54.253 [INFO] [../input.c:645] [XWL-SEAT] button DELIVER button=272 state=0 to pointer_focused_surface=0x55e567caadf0 client=0x7f1c58f51ab8 (Spotify) type=2 on selmon=0x55e563df64e0 cursor=(-1316.0,1998.2)
00:12:54.881 [INFO] [../somewm_api.c:481] [XWL-SEAT] some_set_seat_keyboard_focus->wlr_xwayland_set_seat client=0x7f1c58f51ab8 (Spotify) c->mon=0x55e563df64e0 kb_focused_surface=(nil) pointer_focused_surface=0x55e567caadf0
00:12:54.882 [INFO] [../input.c:645] [XWL-SEAT] button DELIVER button=272 state=1 to pointer_focused_surface=0x55e567caadf0 client=0x7f1c58f51ab8 (Spotify) type=2 on selmon=0x55e563df64e0 cursor=(-1319.8,1992.8)
00:12:55.001 [INFO] [../input.c:645] [XWL-SEAT] button DELIVER button=272 state=0 to pointer_focused_surface=0x55e567caadf0 client=0x7f1c58f51ab8 (Spotify) type=2 on selmon=0x55e563df64e0 cursor=(-1319.8,1992.8)
00:12:55.084 [INFO] [../somewm_api.c:481] [XWL-SEAT] some_set_seat_keyboard_focus->wlr_xwayland_set_seat client=0x7f1c58f51ab8 (Spotify) c->mon=0x55e563df64e0 kb_focused_surface=(nil) pointer_focused_surface=0x55e567caadf0
00:12:55.084 [INFO] [../input.c:645] [XWL-SEAT] button DELIVER button=272 state=1 to pointer_focused_surface=0x55e567caadf0 client=0x7f1c58f51ab8 (Spotify) type=2 on selmon=0x55e563df64e0 cursor=(-1319.8,1992.8)
00:12:55.203 [INFO] [../input.c:645] [XWL-SEAT] button DELIVER button=272 state=0 to pointer_focused_surface=0x55e567caadf0 client=0x7f1c58f51ab8 (Spotify) type=2 on selmon=0x55e563df64e0 cursor=(-1319.8,1992.8)
00:12:55.280 [INFO] [../somewm_api.c:481] [XWL-SEAT] some_set_seat_keyboard_focus->wlr_xwayland_set_seat client=0x7f1c58f51ab8 (Spotify) c->mon=0x55e563df64e0 kb_focused_surface=(nil) pointer_focused_surface=0x55e567caadf0
00:12:55.280 [INFO] [../input.c:645] [XWL-SEAT] button DELIVER button=272 state=1 to pointer_focused_surface=0x55e567caadf0 client=0x7f1c58f51ab8 (Spotify) type=2 on selmon=0x55e563df64e0 cursor=(-1319.8,1992.8)
00:12:55.402 [INFO] [../input.c:645] [XWL-SEAT] button DELIVER button=272 state=0 to pointer_focused_surface=0x55e567caadf0 client=0x7f1c58f51ab8 (Spotify) type=2 on selmon=0x55e563df64e0 cursor=(-1319.8,1992.8)
00:12:55.665 [INFO] [../somewm_api.c:481] [XWL-SEAT] some_set_seat_keyboard_focus->wlr_xwayland_set_seat client=0x7f1c58f51ab8 (Spotify) c->mon=0x55e563df64e0 kb_focused_surface=(nil) pointer_focused_surface=0x55e567caadf0
00:12:55.665 [INFO] [../input.c:645] [XWL-SEAT] button DELIVER button=272 state=1 to pointer_focused_surface=0x55e567caadf0 client=0x7f1c58f51ab8 (Spotify) type=2 on selmon=0x55e563df64e0 cursor=(-1316.3,1992.8)
00:12:55.774 [INFO] [../input.c:645] [XWL-SEAT] button DELIVER button=272 state=0 to pointer_focused_surface=0x55e567caadf0 client=0x7f1c58f51ab8 (Spotify) type=2 on selmon=0x55e563df64e0 cursor=(-1316.3,1992.8)
00:12:55.906 [INFO] [../somewm_api.c:481] [XWL-SEAT] some_set_seat_keyboard_focus->wlr_xwayland_set_seat client=0x7f1c58f51ab8 (Spotify) c->mon=0x55e563df64e0 kb_focused_surface=(nil) pointer_focused_surface=0x55e567caadf0
00:12:55.906 [INFO] [../input.c:645] [XWL-SEAT] button DELIVER button=272 state=1 to pointer_focused_surface=0x55e567caadf0 client=0x7f1c58f51ab8 (Spotify) type=2 on selmon=0x55e563df64e0 cursor=(-1318.5,1992.8)
00:12:56.062 [INFO] [../input.c:645] [XWL-SEAT] button DELIVER button=272 state=0 to pointer_focused_surface=0x55e567caadf0 client=0x7f1c58f51ab8 (Spotify) type=2 on selmon=0x55e563df64e0 cursor=(-1310.2,1992.8)
00:12:56.199 [INFO] [../somewm_api.c:481] [XWL-SEAT] some_set_seat_keyboard_focus->wlr_xwayland_set_seat client=0x7f1c58f51ab8 (Spotify) c->mon=0x55e563df64e0 kb_focused_surface=(nil) pointer_focused_surface=0x55e567caadf0
00:12:56.199 [INFO] [../input.c:645] [XWL-SEAT] button DELIVER button=272 state=1 to pointer_focused_surface=0x55e567caadf0 client=0x7f1c58f51ab8 (Spotify) type=2 on selmon=0x55e563df64e0 cursor=(-1310.2,1992.8)
00:12:56.317 [INFO] [../input.c:645] [XWL-SEAT] button DELIVER button=272 state=0 to pointer_focused_surface=0x55e567caadf0 client=0x7f1c58f51ab8 (Spotify) type=2 on selmon=0x55e563df64e0 cursor=(-1309.6,1992.8)
00:12:56.395 [INFO] [../somewm_api.c:481] [XWL-SEAT] some_set_seat_keyboard_focus->wlr_xwayland_set_seat client=0x7f1c58f51ab8 (Spotify) c->mon=0x55e563df64e0 kb_focused_surface=(nil) pointer_focused_surface=0x55e567caadf0
00:12:56.395 [INFO] [../input.c:645] [XWL-SEAT] button DELIVER button=272 state=1 to pointer_focused_surface=0x55e567caadf0 client=0x7f1c58f51ab8 (Spotify) type=2 on selmon=0x55e563df64e0 cursor=(-1309.6,1992.8)
00:12:56.500 [INFO] [../input.c:645] [XWL-SEAT] button DELIVER button=272 state=0 to pointer_focused_surface=0x55e567caadf0 client=0x7f1c58f51ab8 (Spotify) type=2 on selmon=0x55e563df64e0 cursor=(-1309.6,1992.8)
00:12:56.567 [INFO] [../somewm_api.c:481] [XWL-SEAT] some_set_seat_keyboard_focus->wlr_xwayland_set_seat client=0x7f1c58f51ab8 (Spotify) c->mon=0x55e563df64e0 kb_focused_surface=(nil) pointer_focused_surface=0x55e567caadf0
00:12:56.567 [INFO] [../input.c:645] [XWL-SEAT] button DELIVER button=272 state=1 to pointer_focused_surface=0x55e567caadf0 client=0x7f1c58f51ab8 (Spotify) type=2 on selmon=0x55e563df64e0 cursor=(-1309.6,1992.8)
00:12:56.679 [INFO] [../input.c:645] [XWL-SEAT] button DELIVER button=272 state=0 to pointer_focused_surface=0x55e567caadf0 client=0x7f1c58f51ab8 (Spotify) type=2 on selmon=0x55e563df64e0 cursor=(-1309.6,1992.5)
00:12:56.745 [INFO] [../somewm_api.c:481] [XWL-SEAT] some_set_seat_keyboard_focus->wlr_xwayland_set_seat client=0x7f1c58f51ab8 (Spotify) c->mon=0x55e563df64e0 kb_focused_surface=(nil) pointer_focused_surface=0x55e567caadf0
00:12:56.745 [INFO] [../input.c:645] [XWL-SEAT] button DELIVER button=272 state=1 to pointer_focused_surface=0x55e567caadf0 client=0x7f1c58f51ab8 (Spotify) type=2 on selmon=0x55e563df64e0 cursor=(-1309.6,1992.5)
00:12:56.867 [INFO] [../input.c:645] [XWL-SEAT] button DELIVER button=272 state=0 to pointer_focused_surface=0x55e567caadf0 client=0x7f1c58f51ab8 (Spotify) type=2 on selmon=0x55e563df64e0 cursor=(-1309.6,1992.5)
00:12:56.947 [INFO] [../somewm_api.c:481] [XWL-SEAT] some_set_seat_keyboard_focus->wlr_xwayland_set_seat client=0x7f1c58f51ab8 (Spotify) c->mon=0x55e563df64e0 kb_focused_surface=(nil) pointer_focused_surface=0x55e567caadf0
00:12:56.947 [INFO] [../input.c:645] [XWL-SEAT] button DELIVER button=272 state=1 to pointer_focused_surface=0x55e567caadf0 client=0x7f1c58f51ab8 (Spotify) type=2 on selmon=0x55e563df64e0 cursor=(-1310.5,1992.8)
00:12:57.086 [INFO] [../input.c:645] [XWL-SEAT] button DELIVER button=272 state=0 to pointer_focused_surface=0x55e567caadf0 client=0x7f1c58f51ab8 (Spotify) type=2 on selmon=0x55e563df64e0 cursor=(-1310.5,1991.9)
00:12:57.488 [INFO] [../input.c:1094] [XWL-SEAT] pointerfocus CLEAR (no surface) prev_focus=0x55e567caadf0 client=(nil) (?)
00:12:57.599 [INFO] [../somewm_api.c:481] [XWL-SEAT] some_set_seat_keyboard_focus->wlr_xwayland_set_seat client=0x7f1c58f51ab8 (Spotify) c->mon=0x55e563df64e0 kb_focused_surface=(nil) pointer_focused_surface=(nil)
00:12:57.599 [INFO] [../somewm_api.c:481] [XWL-SEAT] some_set_seat_keyboard_focus->wlr_xwayland_set_seat client=0x7f1c58f51ab8 (Spotify) c->mon=0x55e563df64e0 kb_focused_surface=(nil) pointer_focused_surface=(nil)
00:12:57.599 [INFO] [../somewm_api.c:481] [XWL-SEAT] some_set_seat_keyboard_focus->wlr_xwayland_set_seat client=0x7f1c58f51ab8 (Spotify) c->mon=0x55e563df64e0 kb_focused_surface=(nil) pointer_focused_surface=(nil)
00:12:57.746 [INFO] [../input.c:1143] [XWL-SEAT] pointerfocus ENTER prev=(nil) new=0x55e567ee7c30 client=(nil) (?) client_type=-1 sx=849.5 sy=7.0
00:12:58.103 [INFO] [../input.c:1143] [XWL-SEAT] pointerfocus ENTER prev=0x55e567ee7c30 new=0x55e57efd7bc0 client=(nil) (?) client_type=-1 sx=1666.0 sy=2160.0
00:13:00.768 [INFO] [../input.c:1094] [XWL-SEAT] pointerfocus CLEAR (no surface) prev_focus=0x55e57efd7bc0 client=(nil) (?)
00:13:01.026 [INFO] [../input.c:1143] [XWL-SEAT] pointerfocus ENTER prev=(nil) new=0x55e567f34e10 client=0x7f1c3d081a90 (com.mitchellh.ghostty) client_type=0 sx=2.6 sy=359.0
00:13:01.642 [INFO] [../input.c:1094] [XWL-SEAT] pointerfocus CLEAR (no surface) prev_focus=0x55e567f34e10 client=(nil) (?)
00:13:01.767 [INFO] [../input.c:1143] [XWL-SEAT] pointerfocus ENTER prev=(nil) new=0x7f1c4c0016f0 client=0x7f1c3d169438 (Alacritty) client_type=0 sx=1582.5 sy=283.7
00:13:02.381 [INFO] [../somewm_api.c:481] [XWL-SEAT] some_set_seat_keyboard_focus->wlr_xwayland_set_seat client=0x7f1c58f51ab8 (Spotify) c->mon=0x55e563df64e0 kb_focused_surface=0x55e567f34e10 pointer_focused_surface=0x7f1c4c0016f0
00:13:02.387 [INFO] [../input.c:1143] [XWL-SEAT] pointerfocus ENTER prev=0x7f1c4c0016f0 new=0x55e567caadf0 client=0x7f1c58f51ab8 (Spotify) client_type=2 sx=1337.2 sy=0.1
00:13:02.417 [INFO] [../input.c:1143] [XWL-SEAT] pointerfocus ENTER prev=0x55e567caadf0 new=0x7f1c4c0016f0 client=0x7f1c3d169438 (Alacritty) client_type=0 sx=1352.2 sy=332.1
00:13:02.452 [INFO] [../input.c:1094] [XWL-SEAT] pointerfocus CLEAR (no surface) prev_focus=0x7f1c4c0016f0 client=(nil) (?)
00:13:02.577 [INFO] [../input.c:1143] [XWL-SEAT] pointerfocus ENTER prev=(nil) new=0x55e567f34e10 client=0x7f1c3d081a90 (com.mitchellh.ghostty) client_type=0 sx=4.4 sy=483.8
00:13:03.034 [INFO] [../input.c:1094] [XWL-SEAT] pointerfocus CLEAR (no surface) prev_focus=0x55e567f34e10 client=(nil) (?)
00:13:03.161 [INFO] [../input.c:1143] [XWL-SEAT] pointerfocus ENTER prev=(nil) new=0x7f1c4c0016f0 client=0x7f1c3d169438 (Alacritty) client_type=0 sx=1583.4 sy=277.8
00:13:03.565 [INFO] [../somewm_api.c:481] [XWL-SEAT] some_set_seat_keyboard_focus->wlr_xwayland_set_seat client=0x7f1c58f51ab8 (Spotify) c->mon=0x55e563df64e0 kb_focused_surface=0x55e567f34e10 pointer_focused_surface=0x7f1c4c0016f0
00:13:03.566 [INFO] [../input.c:1094] [XWL-SEAT] pointerfocus CLEAR (no surface) prev_focus=0x7f1c4c0016f0 client=(nil) (?)
00:13:03.571 [INFO] [../input.c:1143] [XWL-SEAT] pointerfocus ENTER prev=(nil) new=0x55e567caadf0 client=0x7f1c58f51ab8 (Spotify) client_type=2 sx=1037.0 sy=0.9
00:13:04.746 [INFO] [../somewm_api.c:481] [XWL-SEAT] some_set_seat_keyboard_focus->wlr_xwayland_set_seat client=0x7f1c58f51ab8 (Spotify) c->mon=0x55e563df64e0 kb_focused_surface=(nil) pointer_focused_surface=0x55e567caadf0
00:13:04.746 [INFO] [../input.c:645] [XWL-SEAT] button DELIVER button=272 state=1 to pointer_focused_surface=0x55e567caadf0 client=0x7f1c58f51ab8 (Spotify) type=2 on selmon=0x55e563df64e0 cursor=(-1313.4,1992.5)
00:13:04.853 [INFO] [../input.c:645] [XWL-SEAT] button DELIVER button=272 state=0 to pointer_focused_surface=0x55e567caadf0 client=0x7f1c58f51ab8 (Spotify) type=2 on selmon=0x55e563df64e0 cursor=(-1313.4,1992.5)
00:13:05.206 [INFO] [../somewm_api.c:481] [XWL-SEAT] some_set_seat_keyboard_focus->wlr_xwayland_set_seat client=0x7f1c58f51ab8 (Spotify) c->mon=0x55e563df64e0 kb_focused_surface=(nil) pointer_focused_surface=0x55e567caadf0
00:13:05.206 [INFO] [../input.c:645] [XWL-SEAT] button DELIVER button=272 state=1 to pointer_focused_surface=0x55e567caadf0 client=0x7f1c58f51ab8 (Spotify) type=2 on selmon=0x55e563df64e0 cursor=(-1309.3,1999.4)
00:13:05.313 [INFO] [../input.c:645] [XWL-SEAT] button DELIVER button=272 state=0 to pointer_focused_surface=0x55e567caadf0 client=0x7f1c58f51ab8 (Spotify) type=2 on selmon=0x55e563df64e0 cursor=(-1309.3,1999.4)
00:13:05.401 [INFO] [../somewm_api.c:481] [XWL-SEAT] some_set_seat_keyboard_focus->wlr_xwayland_set_seat client=0x7f1c58f51ab8 (Spotify) c->mon=0x55e563df64e0 kb_focused_surface=(nil) pointer_focused_surface=0x55e567caadf0
00:13:05.401 [INFO] [../input.c:645] [XWL-SEAT] button DELIVER button=272 state=1 to pointer_focused_surface=0x55e567caadf0 client=0x7f1c58f51ab8 (Spotify) type=2 on selmon=0x55e563df64e0 cursor=(-1309.3,1999.4)
00:13:05.494 [INFO] [../input.c:645] [XWL-SEAT] button DELIVER button=272 state=0 to pointer_focused_surface=0x55e567caadf0 client=0x7f1c58f51ab8 (Spotify) type=2 on selmon=0x55e563df64e0 cursor=(-1309.3,1999.4)
00:13:05.583 [INFO] [../somewm_api.c:481] [XWL-SEAT] some_set_seat_keyboard_focus->wlr_xwayland_set_seat client=0x7f1c58f51ab8 (Spotify) c->mon=0x55e563df64e0 kb_focused_surface=(nil) pointer_focused_surface=0x55e567caadf0
00:13:05.583 [INFO] [../input.c:645] [XWL-SEAT] button DELIVER button=272 state=1 to pointer_focused_surface=0x55e567caadf0 client=0x7f1c58f51ab8 (Spotify) type=2 on selmon=0x55e563df64e0 cursor=(-1309.3,1999.4)
00:13:05.706 [INFO] [../input.c:645] [XWL-SEAT] button DELIVER button=272 state=0 to pointer_focused_surface=0x55e567caadf0 client=0x7f1c58f51ab8 (Spotify) type=2 on selmon=0x55e563df64e0 cursor=(-1309.3,1999.4)
00:13:05.751 [INFO] [../somewm_api.c:481] [XWL-SEAT] some_set_seat_keyboard_focus->wlr_xwayland_set_seat client=0x7f1c58f51ab8 (Spotify) c->mon=0x55e563df64e0 kb_focused_surface=(nil) pointer_focused_surface=0x55e567caadf0
00:13:05.751 [INFO] [../input.c:645] [XWL-SEAT] button DELIVER button=272 state=1 to pointer_focused_surface=0x55e567caadf0 client=0x7f1c58f51ab8 (Spotify) type=2 on selmon=0x55e563df64e0 cursor=(-1309.3,1999.4)
00:13:05.870 [INFO] [../input.c:645] [XWL-SEAT] button DELIVER button=272 state=0 to pointer_focused_surface=0x55e567caadf0 client=0x7f1c58f51ab8 (Spotify) type=2 on selmon=0x55e563df64e0 cursor=(-1309.6,1998.7)
00:13:06.148 [INFO] [../somewm_api.c:481] [XWL-SEAT] some_set_seat_keyboard_focus->wlr_xwayland_set_seat client=0x7f1c58f51ab8 (Spotify) c->mon=0x55e563df64e0 kb_focused_surface=(nil) pointer_focused_surface=0x55e567caadf0
00:13:06.148 [INFO] [../input.c:645] [XWL-SEAT] button DELIVER button=272 state=1 to pointer_focused_surface=0x55e567caadf0 client=0x7f1c58f51ab8 (Spotify) type=2 on selmon=0x55e563df64e0 cursor=(-1315.2,1997.8)
00:13:06.248 [INFO] [../input.c:645] [XWL-SEAT] button DELIVER button=272 state=0 to pointer_focused_surface=0x55e567caadf0 client=0x7f1c58f51ab8 (Spotify) type=2 on selmon=0x55e563df64e0 cursor=(-1315.2,1997.8)
00:13:06.322 [INFO] [../somewm_api.c:481] [XWL-SEAT] some_set_seat_keyboard_focus->wlr_xwayland_set_seat client=0x7f1c58f51ab8 (Spotify) c->mon=0x55e563df64e0 kb_focused_surface=(nil) pointer_focused_surface=0x55e567caadf0
00:13:06.322 [INFO] [../input.c:645] [XWL-SEAT] button DELIVER button=272 state=1 to pointer_focused_surface=0x55e567caadf0 client=0x7f1c58f51ab8 (Spotify) type=2 on selmon=0x55e563df64e0 cursor=(-1316.5,1997.8)
00:13:06.435 [INFO] [../input.c:645] [XWL-SEAT] button DELIVER button=272 state=0 to pointer_focused_surface=0x55e567caadf0 client=0x7f1c58f51ab8 (Spotify) type=2 on selmon=0x55e563df64e0 cursor=(-1316.5,1997.1)
00:13:06.741 [INFO] [../input.c:1094] [XWL-SEAT] pointerfocus CLEAR (no surface) prev_focus=0x55e567caadf0 client=(nil) (?)
00:13:06.848 [INFO] [../somewm_api.c:481] [XWL-SEAT] some_set_seat_keyboard_focus->wlr_xwayland_set_seat client=0x7f1c58f51ab8 (Spotify) c->mon=0x55e563df64e0 kb_focused_surface=(nil) pointer_focused_surface=(nil)
00:13:06.848 [INFO] [../somewm_api.c:481] [XWL-SEAT] some_set_seat_keyboard_focus->wlr_xwayland_set_seat client=0x7f1c58f51ab8 (Spotify) c->mon=0x55e563df64e0 kb_focused_surface=(nil) pointer_focused_surface=(nil)
00:13:06.848 [INFO] [../somewm_api.c:481] [XWL-SEAT] some_set_seat_keyboard_focus->wlr_xwayland_set_seat client=0x7f1c58f51ab8 (Spotify) c->mon=0x55e563df64e0 kb_focused_surface=(nil) pointer_focused_surface=(nil)
00:13:06.947 [INFO] [../input.c:1143] [XWL-SEAT] pointerfocus ENTER prev=(nil) new=0x55e567ee89d0 client=(nil) (?) client_type=-1 sx=775.5 sy=7.0
00:13:07.295 [INFO] [../input.c:1143] [XWL-SEAT] pointerfocus ENTER prev=0x55e567ee89d0 new=0x55e57efd7bc0 client=(nil) (?) client_type=-1 sx=1008.9 sy=2160.0
00:13:09.878 [INFO] [../input.c:1143] [XWL-SEAT] pointerfocus ENTER prev=0x55e57efd7bc0 new=0x55e567f34e10 client=0x7f1c3d081a90 (com.mitchellh.ghostty) client_type=0 sx=193.2 sy=1193.7
00:13:43.185 [INFO] [../input.c:1094] [XWL-SEAT] pointerfocus CLEAR (no surface) prev_focus=0x55e567f34e10 client=(nil) (?)
00:13:43.261 [INFO] [../input.c:1143] [XWL-SEAT] pointerfocus ENTER prev=(nil) new=0x7f1c4c0016f0 client=0x7f1c3d169438 (Alacritty) client_type=0 sx=1584.8 sy=827.3
00:13:43.310 [INFO] [../somewm_api.c:481] [XWL-SEAT] some_set_seat_keyboard_focus->wlr_xwayland_set_seat client=0x7f1c58f51ab8 (Spotify) c->mon=0x55e563df64e0 kb_focused_surface=0x7f1c4c0016f0 pointer_focused_surface=0x7f1c4c0016f0
00:13:43.310 [INFO] [../input.c:1143] [XWL-SEAT] pointerfocus ENTER prev=0x7f1c4c0016f0 new=0x55e567caadf0 client=0x7f1c58f51ab8 (Spotify) client_type=2 sx=1505.8 sy=397.3
00:13:44.862 [INFO] [../input.c:1094] [XWL-SEAT] pointerfocus CLEAR (no surface) prev_focus=0x55e567caadf0 client=(nil) (?)
00:13:44.951 [INFO] [../somewm_api.c:481] [XWL-SEAT] some_set_seat_keyboard_focus->wlr_xwayland_set_seat client=0x7f1c58f51ab8 (Spotify) c->mon=0x55e563df64e0 kb_focused_surface=(nil) pointer_focused_surface=(nil)
00:13:44.955 [INFO] [../input.c:1143] [XWL-SEAT] pointerfocus ENTER prev=(nil) new=0x55e567caadf0 client=0x7f1c58f51ab8 (Spotify) client_type=2 sx=772.1 sy=1513.3
00:13:45.554 [INFO] [../somewm_api.c:481] [XWL-SEAT] some_set_seat_keyboard_focus->wlr_xwayland_set_seat client=0x7f1c58f51ab8 (Spotify) c->mon=0x55e563df64e0 kb_focused_surface=(nil) pointer_focused_surface=0x55e567caadf0
00:13:45.554 [INFO] [../input.c:645] [XWL-SEAT] button DELIVER button=272 state=1 to pointer_focused_surface=0x55e567caadf0 client=0x7f1c58f51ab8 (Spotify) type=2 on selmon=0x55e563df64e0 cursor=(-1318.1,1994.7)
00:13:45.614 [INFO] [../input.c:645] [XWL-SEAT] button DELIVER button=272 state=0 to pointer_focused_surface=0x55e567caadf0 client=0x7f1c58f51ab8 (Spotify) type=2 on selmon=0x55e563df64e0 cursor=(-1318.5,1994.0)
00:13:45.713 [INFO] [../somewm_api.c:481] [XWL-SEAT] some_set_seat_keyboard_focus->wlr_xwayland_set_seat client=0x7f1c58f51ab8 (Spotify) c->mon=0x55e563df64e0 kb_focused_surface=(nil) pointer_focused_surface=0x55e567caadf0
00:13:45.713 [INFO] [../input.c:645] [XWL-SEAT] button DELIVER button=272 state=1 to pointer_focused_surface=0x55e567caadf0 client=0x7f1c58f51ab8 (Spotify) type=2 on selmon=0x55e563df64e0 cursor=(-1322.8,1993.0)
00:13:45.833 [INFO] [../input.c:645] [XWL-SEAT] button DELIVER button=272 state=0 to pointer_focused_surface=0x55e567caadf0 client=0x7f1c58f51ab8 (Spotify) type=2 on selmon=0x55e563df64e0 cursor=(-1322.8,1992.2)
00:13:46.028 [INFO] [../input.c:1094] [XWL-SEAT] pointerfocus CLEAR (no surface) prev_focus=0x55e567caadf0 client=(nil) (?)
00:13:47.463 [INFO] [../somewm_api.c:481] [XWL-SEAT] some_set_seat_keyboard_focus->wlr_xwayland_set_seat client=0x7f1c58f51ab8 (Spotify) c->mon=0x55e563df64e0 kb_focused_surface=(nil) pointer_focused_surface=(nil)
00:13:47.463 [INFO] [../somewm_api.c:481] [XWL-SEAT] some_set_seat_keyboard_focus->wlr_xwayland_set_seat client=0x7f1c58f51ab8 (Spotify) c->mon=0x55e563df64e0 kb_focused_surface=(nil) pointer_focused_surface=(nil)
00:13:47.463 [INFO] [../somewm_api.c:481] [XWL-SEAT] some_set_seat_keyboard_focus->wlr_xwayland_set_seat client=0x7f1c58f51ab8 (Spotify) c->mon=0x55e563df64e0 kb_focused_surface=(nil) pointer_focused_surface=(nil)
00:13:48.054 [INFO] [../input.c:1143] [XWL-SEAT] pointerfocus ENTER prev=(nil) new=0x55e567f34e10 client=0x7f1c3d081a90 (com.mitchellh.ghostty) client_type=0 sx=0.1 sy=1184.6
00:13:49.655 [INFO] [../input.c:1094] [XWL-SEAT] pointerfocus CLEAR (no surface) prev_focus=0x55e567f34e10 client=(nil) (?)
00:13:49.764 [INFO] [../input.c:1143] [XWL-SEAT] pointerfocus ENTER prev=(nil) new=0x7f1c4c0016f0 client=0x7f1c3d169438 (Alacritty) client_type=0 sx=1582.1 sy=455.3
00:13:49.797 [INFO] [../somewm_api.c:481] [XWL-SEAT] some_set_seat_keyboard_focus->wlr_xwayland_set_seat client=0x7f1c58f51ab8 (Spotify) c->mon=0x55e563df64e0 kb_focused_surface=0x7f1c4c0016f0 pointer_focused_surface=0x7f1c4c0016f0
00:13:49.798 [INFO] [../input.c:1143] [XWL-SEAT] pointerfocus ENTER prev=0x7f1c4c0016f0 new=0x55e567caadf0 client=0x7f1c58f51ab8 (Spotify) client_type=2 sx=1503.4 sy=119.4
00:13:49.983 [INFO] [../input.c:1094] [XWL-SEAT] pointerfocus CLEAR (no surface) prev_focus=0x55e567caadf0 client=(nil) (?)
00:13:50.048 [INFO] [../input.c:1143] [XWL-SEAT] pointerfocus ENTER prev=(nil) new=0x7f1c4c0016f0 client=0x7f1c3d169438 (Alacritty) client_type=0 sx=651.6 sy=248.3
00:13:50.168 [INFO] [../somewm_api.c:481] [XWL-SEAT] some_set_seat_keyboard_focus->wlr_xwayland_set_seat client=0x7f1c58f51ab8 (Spotify) c->mon=0x55e563df64e0 kb_focused_surface=0x7f1c4c0016f0 pointer_focused_surface=0x7f1c4c0016f0
00:13:50.172 [INFO] [../input.c:1143] [XWL-SEAT] pointerfocus ENTER prev=0x7f1c4c0016f0 new=0x55e567caadf0 client=0x7f1c58f51ab8 (Spotify) client_type=2 sx=1133.5 sy=0.9
00:13:50.873 [INFO] [../input.c:645] [XWL-SEAT] button DELIVER button=272 state=1 to pointer_focused_surface=0x55e567caadf0 client=0x7f1c58f51ab8 (Spotify) type=2 on selmon=0x55e563df64e0 cursor=(-1038.3,1114.5)
00:13:51.377 [INFO] [../input.c:645] [XWL-SEAT] button DELIVER button=272 state=0 to pointer_focused_surface=0x55e567caadf0 client=0x7f1c58f51ab8 (Spotify) type=2 on selmon=0x55e563df64e0 cursor=(-826.1,730.3)
00:13:51.836 [INFO] [../somewm_api.c:481] [XWL-SEAT] some_set_seat_keyboard_focus->wlr_xwayland_set_seat client=0x7f1c58f51ab8 (Spotify) c->mon=0x55e563df64e0 kb_focused_surface=(nil) pointer_focused_surface=0x55e567caadf0
00:13:53.266 [INFO] [../somewm_api.c:481] [XWL-SEAT] some_set_seat_keyboard_focus->wlr_xwayland_set_seat client=0x7f1c58f51ab8 (Spotify) c->mon=0x55e563df64e0 kb_focused_surface=(nil) pointer_focused_surface=0x55e567caadf0
00:13:53.266 [INFO] [../input.c:645] [XWL-SEAT] button DELIVER button=272 state=1 to pointer_focused_surface=0x55e567caadf0 client=0x7f1c58f51ab8 (Spotify) type=2 on selmon=0x55e563df64e0 cursor=(-1138.9,1597.1)
00:13:53.387 [INFO] [../input.c:645] [XWL-SEAT] button DELIVER button=272 state=0 to pointer_focused_surface=0x55e567caadf0 client=0x7f1c58f51ab8 (Spotify) type=2 on selmon=0x55e563df64e0 cursor=(-1138.9,1597.1)
00:13:53.759 [INFO] [../somewm_api.c:481] [XWL-SEAT] some_set_seat_keyboard_focus->wlr_xwayland_set_seat client=0x7f1c58f51ab8 (Spotify) c->mon=0x55e563df64e0 kb_focused_surface=(nil) pointer_focused_surface=0x55e567caadf0
00:13:53.759 [INFO] [../input.c:645] [XWL-SEAT] button DELIVER button=272 state=1 to pointer_focused_surface=0x55e567caadf0 client=0x7f1c58f51ab8 (Spotify) type=2 on selmon=0x55e563df64e0 cursor=(-1130.0,1587.5)
00:13:53.860 [INFO] [../input.c:645] [XWL-SEAT] button DELIVER button=272 state=0 to pointer_focused_surface=0x55e567caadf0 client=0x7f1c58f51ab8 (Spotify) type=2 on selmon=0x55e563df64e0 cursor=(-1129.5,1586.8)
00:13:54.123 [INFO] [../somewm_api.c:481] [XWL-SEAT] some_set_seat_keyboard_focus->wlr_xwayland_set_seat client=0x7f1c58f51ab8 (Spotify) c->mon=0x55e563df64e0 kb_focused_surface=(nil) pointer_focused_surface=0x55e567caadf0
00:13:55.297 [INFO] [../somewm_api.c:481] [XWL-SEAT] some_set_seat_keyboard_focus->wlr_xwayland_set_seat client=0x7f1c58f51ab8 (Spotify) c->mon=0x55e563df64e0 kb_focused_surface=(nil) pointer_focused_surface=0x55e567caadf0
00:13:55.297 [INFO] [../input.c:645] [XWL-SEAT] button DELIVER button=272 state=1 to pointer_focused_surface=0x55e567caadf0 client=0x7f1c58f51ab8 (Spotify) type=2 on selmon=0x55e563df64e0 cursor=(-1148.3,1440.6)
00:13:55.387 [INFO] [../input.c:645] [XWL-SEAT] button DELIVER button=272 state=0 to pointer_focused_surface=0x55e567caadf0 client=0x7f1c58f51ab8 (Spotify) type=2 on selmon=0x55e563df64e0 cursor=(-1148.3,1440.6)
00:13:55.459 [INFO] [../somewm_api.c:481] [XWL-SEAT] some_set_seat_keyboard_focus->wlr_xwayland_set_seat client=0x7f1c58f51ab8 (Spotify) c->mon=0x55e563df64e0 kb_focused_surface=(nil) pointer_focused_surface=0x55e567caadf0
00:13:55.459 [INFO] [../input.c:645] [XWL-SEAT] button DELIVER button=272 state=1 to pointer_focused_surface=0x55e567caadf0 client=0x7f1c58f51ab8 (Spotify) type=2 on selmon=0x55e563df64e0 cursor=(-1148.3,1440.6)
00:13:55.548 [INFO] [../input.c:645] [XWL-SEAT] button DELIVER button=272 state=0 to pointer_focused_surface=0x55e567caadf0 client=0x7f1c58f51ab8 (Spotify) type=2 on selmon=0x55e563df64e0 cursor=(-1148.3,1440.6)
00:13:55.611 [INFO] [../somewm_api.c:481] [XWL-SEAT] some_set_seat_keyboard_focus->wlr_xwayland_set_seat client=0x7f1c58f51ab8 (Spotify) c->mon=0x55e563df64e0 kb_focused_surface=(nil) pointer_focused_surface=0x55e567caadf0
00:13:55.611 [INFO] [../input.c:645] [XWL-SEAT] button DELIVER button=272 state=1 to pointer_focused_surface=0x55e567caadf0 client=0x7f1c58f51ab8 (Spotify) type=2 on selmon=0x55e563df64e0 cursor=(-1149.8,1440.6)
00:13:55.708 [INFO] [../input.c:645] [XWL-SEAT] button DELIVER button=272 state=0 to pointer_focused_surface=0x55e567caadf0 client=0x7f1c58f51ab8 (Spotify) type=2 on selmon=0x55e563df64e0 cursor=(-1149.8,1439.8)
00:13:55.788 [INFO] [../input.c:1094] [XWL-SEAT] pointerfocus CLEAR (no surface) prev_focus=0x55e567caadf0 client=(nil) (?)
00:13:55.792 [INFO] [../input.c:1143] [XWL-SEAT] pointerfocus ENTER prev=(nil) new=0x7f1c4c0016f0 client=0x7f1c3d169438 (Alacritty) client_type=0 sx=962.2 sy=1211.3
00:13:55.792 [INFO] [../input.c:1094] [XWL-SEAT] pointerfocus CLEAR (no surface) prev_focus=0x7f1c4c0016f0 client=(nil) (?)
00:13:56.056 [INFO] [../input.c:1143] [XWL-SEAT] pointerfocus ENTER prev=(nil) new=0x55e567ee89d0 client=(nil) (?) client_type=-1 sx=1094.3 sy=7.0
00:13:56.262 [INFO] [../input.c:1094] [XWL-SEAT] pointerfocus CLEAR (no surface) prev_focus=0x55e567ee89d0 client=(nil) (?)
00:13:56.455 [INFO] [../input.c:1143] [XWL-SEAT] pointerfocus ENTER prev=(nil) new=0x55e567f34e10 client=0x7f1c3d081a90 (com.mitchellh.ghostty) client_type=0 sx=1047.2 sy=1331.1
00:14:23.380 [INFO] [../input.c:1143] [XWL-SEAT] pointerfocus ENTER prev=0x55e567f34e10 new=0x55e57f039d60 client=0x7f1c3c95b8a0 (firefox-developer-edition) client_type=0 sx=168.4 sy=1008.9
00:14:23.558 [INFO] [../input.c:1143] [XWL-SEAT] pointerfocus ENTER prev=0x55e57f039d60 new=0x55e567f34e10 client=0x7f1c3d081a90 (com.mitchellh.ghostty) client_type=0 sx=1539.9 sy=400.0
00:14:23.591 [INFO] [../input.c:1094] [XWL-SEAT] pointerfocus CLEAR (no surface) prev_focus=0x55e567f34e10 client=(nil) (?)
00:14:23.594 [INFO] [../input.c:1143] [XWL-SEAT] pointerfocus ENTER prev=(nil) new=0x55e57f039d60 client=0x7f1c3c95b8a0 (firefox-developer-edition) client_type=0 sx=169.6 sy=607.6
00:20:10.502 [INFO] [../input.c:1094] [XWL-SEAT] pointerfocus CLEAR (no surface) prev_focus=0x55e57f039d60 client=(nil) (?)
00:20:10.625 [INFO] [../input.c:1143] [XWL-SEAT] pointerfocus ENTER prev=(nil) new=0x55e57f039d60 client=0x7f1c3c95b8a0 (firefox-developer-edition) client_type=0 sx=1232.7 sy=24.3
00:20:10.929 [INFO] [../input.c:1094] [XWL-SEAT] pointerfocus CLEAR (no surface) prev_focus=0x55e57f039d60 client=(nil) (?)
00:20:11.481 [INFO] [../input.c:1143] [XWL-SEAT] pointerfocus ENTER prev=(nil) new=0x55e57f039d60 client=0x7f1c3c95b8a0 (firefox-developer-edition) client_type=0 sx=464.2 sy=150.7
00:20:11.620 [INFO] [../input.c:1143] [XWL-SEAT] pointerfocus ENTER prev=0x55e57f039d60 new=0x55e567f34e10 client=0x7f1c3d081a90 (com.mitchellh.ghostty) client_type=0 sx=1393.2 sy=16.9
00:21:02.563 [INFO] [../input.c:1143] [XWL-SEAT] pointerfocus ENTER prev=0x55e567f34e10 new=0x55e57f039d60 client=0x7f1c3c95b8a0 (firefox-developer-edition) client_type=0 sx=169.6 sy=1153.6
